<?xml version="1.0" encoding="UTF-8"?>
<!-- Generated by org.testng.reporters.JUnitReportReporter -->
<testsuite hostname="DESKTOP-93O1S8M" failures="0" tests="1" name="homePageTestCases.Login" time="149.312" errors="0" timestamp="10 Oct 2018 05:45:20 GMT" skipped="0">
  <testcase classname="homePageTestCases.Login" name="clickOnLoginButton" time="149.312"/>
</testsuite> <!-- homePageTestCases.Login -->
